#
# There is insufficient memory for the Java Runtime Environment to continue.
# Native memory allocation (mmap) failed to map 67108864 bytes for Failed to commit area from 0x00000000c1c00000 to 0x00000000c5c00000 of length 67108864.
# Possible reasons:
#   The system is out of physical RAM or swap space
#   The process is running with CompressedOops enabled, and the Java Heap may be blocking the growth of the native heap
# Possible solutions:
#   Reduce memory load on the system
#   Increase physical memory or swap space
#   Check if swap backing store is full
#   Decrease Java heap size (-Xmx/-Xms)
#   Decrease number of Java threads
#   Decrease Java thread stack sizes (-Xss)
#   Set larger code cache with -XX:ReservedCodeCacheSize=
# This output file may be truncated or incomplete.
#
#  Out of Memory Error (./src/hotspot/os/windows/os_windows.cpp:3386), pid=14508, tid=7312
#
# JRE version:  (11.0.16.1+1) (build )
# Java VM: OpenJDK 64-Bit Server VM (11.0.16.1+1-LTS, mixed mode, sharing, tiered, compressed oops, g1 gc, windows-amd64)
# No core dump will be written. Minidumps are not enabled by default on client versions of Windows
#

---------------  S U M M A R Y ------------

Command Line: 

Host: Intel(R) Core(TM) i5-8250U CPU @ 1.60GHz, 8 cores, 3G,  Windows 11 , 64 bit Build 22621 (10.0.22621.2506)
Time: Wed Nov 22 14:25:19 2023 SE Asia Standard Time elapsed time: 0.032807 seconds (0d 0h 0m 0s)

---------------  T H R E A D  ---------------

Current thread (0x000001bd5a595000):  JavaThread "Unknown thread" [_thread_in_vm, id=7312, stack(0x0000001c57600000,0x0000001c57700000)]

Stack: [0x0000001c57600000,0x0000001c57700000]
Native frames: (J=compiled Java code, j=interpreted, Vv=VM code, C=native code)
V  [jvm.dll+0x62652a]
V  [jvm.dll+0x7b3249]
V  [jvm.dll+0x7b4938]
V  [jvm.dll+0x7b5013]
V  [jvm.dll+0x24fca8]
V  [jvm.dll+0x62383a]
V  [jvm.dll+0x617fe5]
V  [jvm.dll+0x307bac]
V  [jvm.dll+0x307a32]
V  [jvm.dll+0x30c746]
V  [jvm.dll+0x352b9f]
V  [jvm.dll+0x3525d0]
V  [jvm.dll+0x2e4ba8]
V  [jvm.dll+0x2e5d06]
V  [jvm.dll+0x78d097]
V  [jvm.dll+0x78e81f]
V  [jvm.dll+0x35f8e9]
V  [jvm.dll+0x770000]
V  [jvm.dll+0x3cd40f]
V  [jvm.dll+0x3cf7a1]
C  [jli.dll+0x5207]
C  [ucrtbase.dll+0x29363]
C  [KERNEL32.DLL+0x1257d]
C  [ntdll.dll+0x5aa58]


---------------  P R O C E S S  ---------------

Threads class SMR info:
_java_thread_list=0x000001bd58274030, length=0, elements={
}

Java Threads: ( => current thread )

Other Threads:
  0x000001bd5a5ac000 GCTaskThread "GC Thread#0" [stack: 0x0000001c57700000,0x0000001c57800000] [id=6412]
  0x000001bd5a5cc000 ConcurrentGCThread "G1 Main Marker" [stack: 0x0000001c57800000,0x0000001c57900000] [id=19700]
  0x000001bd5a5cd800 ConcurrentGCThread "G1 Conc#0" [stack: 0x0000001c57900000,0x0000001c57a00000] [id=2116]

[error occurred during error reporting (printing all threads), id 0xc0000005, EXCEPTION_ACCESS_VIOLATION (0xc0000005) at pc=0x00007fffb1b94377]

VM state:not at safepoint (not fully initialized)

VM Mutex/Monitor currently owned by a thread:  ([mutex/lock_event])
[0x000001bd5a593230] Heap_lock - owner thread: 0x000001bd5a595000

Heap address: 0x00000000c1c00000, size: 996 MB, Compressed Oops mode: Non-zero based: 0x00000000c1c00000
Narrow klass base: 0x0000000000000000, Narrow klass shift: 0

GC Heap History (0 events):
No events

Deoptimization events (0 events):
No events

Classes redefined (0 events):
No events

Internal exceptions (0 events):
No events

Events (1 events):
Event: 0.018 Loaded shared library C:\Program Files\Microsoft\jdk-11.0.16.101-hotspot\bin\zip.dll


Dynamic libraries:
0x00007ff69e1d0000 - 0x00007ff69e1dd000 	C:\Program Files\Microsoft\jdk-11.0.16.101-hotspot\bin\java.exe
0x00007ff877b30000 - 0x00007ff877d47000 	C:\WINDOWS\SYSTEM32\ntdll.dll
0x00007ff8764c0000 - 0x00007ff876584000 	C:\WINDOWS\System32\KERNEL32.DLL
0x00007ff874f40000 - 0x00007ff8752e5000 	C:\WINDOWS\System32\KERNELBASE.dll
0x00007ff875600000 - 0x00007ff875711000 	C:\WINDOWS\System32\ucrtbase.dll
0x00007fffb5090000 - 0x00007fffb50a5000 	C:\Program Files\Microsoft\jdk-11.0.16.101-hotspot\bin\VCRUNTIME140.dll
0x00007fffb5070000 - 0x00007fffb5087000 	C:\Program Files\Microsoft\jdk-11.0.16.101-hotspot\bin\jli.dll
0x00007ff8774d0000 - 0x00007ff87767e000 	C:\WINDOWS\System32\USER32.dll
0x00007ff874ea0000 - 0x00007ff874ec6000 	C:\WINDOWS\System32\win32u.dll
0x00007ff854760000 - 0x00007ff8549f3000 	C:\WINDOWS\WinSxS\amd64_microsoft.windows.common-controls_6595b64144ccf1df_6.0.22621.2506_none_270c5ae97388e100\COMCTL32.dll
0x00007ff875dc0000 - 0x00007ff875de9000 	C:\WINDOWS\System32\GDI32.dll
0x00007ff8752f0000 - 0x00007ff875409000 	C:\WINDOWS\System32\gdi32full.dll
0x00007ff876410000 - 0x00007ff8764b7000 	C:\WINDOWS\System32\msvcrt.dll
0x00007ff875720000 - 0x00007ff8757ba000 	C:\WINDOWS\System32\msvcp_win.dll
0x00007ff877680000 - 0x00007ff8776b1000 	C:\WINDOWS\System32\IMM32.DLL
0x00007fffb3050000 - 0x00007fffb30eb000 	C:\Program Files\Microsoft\jdk-11.0.16.101-hotspot\bin\msvcp140.dll
0x00007fffb18a0000 - 0x00007fffb242a000 	C:\Program Files\Microsoft\jdk-11.0.16.101-hotspot\bin\server\jvm.dll
0x00007ff877980000 - 0x00007ff877a31000 	C:\WINDOWS\System32\ADVAPI32.dll
0x00007ff877a40000 - 0x00007ff877ae6000 	C:\WINDOWS\System32\sechost.dll
0x00007ff875c10000 - 0x00007ff875d27000 	C:\WINDOWS\System32\RPCRT4.dll
0x00007ff875f00000 - 0x00007ff875f08000 	C:\WINDOWS\System32\PSAPI.DLL
0x00007ff8707d0000 - 0x00007ff8707da000 	C:\WINDOWS\SYSTEM32\VERSION.dll
0x00007ff866630000 - 0x00007ff866639000 	C:\WINDOWS\SYSTEM32\WSOCK32.dll
0x00007ff875d30000 - 0x00007ff875da1000 	C:\WINDOWS\System32\WS2_32.dll
0x00007ff86feb0000 - 0x00007ff86fee4000 	C:\WINDOWS\SYSTEM32\WINMM.dll
0x00007ff873f30000 - 0x00007ff873f48000 	C:\WINDOWS\SYSTEM32\kernel.appcore.dll
0x00007ff84fb70000 - 0x00007ff84fb80000 	C:\Program Files\Microsoft\jdk-11.0.16.101-hotspot\bin\verify.dll
0x00007ff872970000 - 0x00007ff872ba3000 	C:\WINDOWS\SYSTEM32\DBGHELP.DLL
0x00007ff875880000 - 0x00007ff875c09000 	C:\WINDOWS\System32\combase.dll
0x00007ff876180000 - 0x00007ff876257000 	C:\WINDOWS\System32\OLEAUT32.dll
0x00007ff86a330000 - 0x00007ff86a362000 	C:\WINDOWS\SYSTEM32\dbgcore.DLL
0x00007ff875410000 - 0x00007ff87548a000 	C:\WINDOWS\System32\bcryptPrimitives.dll
0x00007fffb3020000 - 0x00007fffb3048000 	C:\Program Files\Microsoft\jdk-11.0.16.101-hotspot\bin\java.dll
0x00007ff84fa20000 - 0x00007ff84fa2a000 	C:\Program Files\Microsoft\jdk-11.0.16.101-hotspot\bin\jimage.dll
0x00007fffb3000000 - 0x00007fffb3018000 	C:\Program Files\Microsoft\jdk-11.0.16.101-hotspot\bin\zip.dll

dbghelp: loaded successfully - version: 4.0.5 - missing functions: none
symbol engine: initialized successfully - sym options: 0x614 - pdb path: .;C:\Program Files\Microsoft\jdk-11.0.16.101-hotspot\bin;C:\WINDOWS\SYSTEM32;C:\WINDOWS\WinSxS\amd64_microsoft.windows.common-controls_6595b64144ccf1df_6.0.22621.2506_none_270c5ae97388e100;C:\Program Files\Microsoft\jdk-11.0.16.101-hotspot\bin\server

VM Arguments:
java_command: <unknown>
java_class_path (initial): <not set>
Launcher Type: SUN_STANDARD

[Global flags]
     intx CICompilerCount                          = 4                                         {product} {ergonomic}
     uint ConcGCThreads                            = 2                                         {product} {ergonomic}
     uint G1ConcRefinementThreads                  = 8                                         {product} {ergonomic}
   size_t G1HeapRegionSize                         = 1048576                                   {product} {ergonomic}
    uintx GCDrainStackTargetSize                   = 64                                        {product} {ergonomic}
   size_t InitialHeapSize                          = 67108864                                  {product} {ergonomic}
   size_t MarkStackSize                            = 4194304                                   {product} {ergonomic}
   size_t MaxHeapSize                              = 1044381696                                {product} {ergonomic}
   size_t MinHeapDeltaBytes                        = 1048576                                   {product} {ergonomic}
    uintx NonNMethodCodeHeapSize                   = 5836300                                {pd product} {ergonomic}
    uintx NonProfiledCodeHeapSize                  = 122910970                              {pd product} {ergonomic}
    uintx ProfiledCodeHeapSize                     = 122910970                              {pd product} {ergonomic}
    uintx ReservedCodeCacheSize                    = 251658240                              {pd product} {ergonomic}
     bool SegmentedCodeCache                       = true                                      {product} {ergonomic}
     bool UseCompressedClassPointers               = true                                 {lp64_product} {ergonomic}
     bool UseCompressedOops                        = true                                 {lp64_product} {ergonomic}
     bool UseG1GC                                  = true                                      {product} {ergonomic}
     bool UseLargePagesIndividualAllocation        = false                                  {pd product} {ergonomic}

Logging:
Log output configuration:
 #0: stdout all=warning uptime,level,tags
 #1: stderr all=off uptime,level,tags

Environment Variables:
PATH=C:\Program Files\Microsoft\jdk-11.0.16.101-hotspot\bin;C:\Windows\system32;D:\web\php;C:\Windows\System32\Wbem;C:\Windows\System32\WindowsPowerShell\v1.0\;C:\Windows\System32\OpenSSH\;C:\Program Files (x86)\NVIDIA Corporation\PhysX\Common;C:\Program Files\NVIDIA Corporation\NVIDIA NvDLISR;C:\WINDOWS\system32;C:\WINDOWS;C:\WINDOWS\System32\Wbem;C:\WINDOWS\System32\WindowsPowerShell\v1.0\;C:\WINDOWS\System32\OpenSSH\;C:\Program Files\Git\cmd;D:\web\phpMyAdmin;C:\Program Files\Microsoft SQL Server\150\Tools\Binn\;C:\Program Files\Microsoft SQL Server\Client SDK\ODBC\170\Tools\Binn\;C:\Program Files\dotnet\;C:\Users\asus\AppData\Local\Microsoft\WindowsApps;;C:\Users\asus\.dotnet\tools;D:\VIsual studio\Microsoft VS Code\bin
USERNAME=asus
OS=Windows_NT
PROCESSOR_IDENTIFIER=Intel64 Family 6 Model 142 Stepping 10, GenuineIntel
TMP=C:\Users\asus\AppData\Local\Temp
TEMP=C:\Users\asus\AppData\Local\Temp



---------------  S Y S T E M  ---------------

OS: Windows 11 , 64 bit Build 22621 (10.0.22621.2506)
OS uptime: 3 days 9:52 hours

CPU:total 8 (initial active 8) (4 cores per cpu, 2 threads per core) family 6 model 142 stepping 10 microcode 0xe0, cmov, cx8, fxsr, mmx, sse, sse2, sse3, ssse3, sse4.1, sse4.2, popcnt, avx, avx2, aes, clmul, erms, 3dnowpref, lzcnt, ht, tsc, tscinvbit, bmi1, bmi2, adx, fma

Memory: 4k page, system-wide physical 3982M (255M free)
TotalPageFile size 10231M (AvailPageFile size 36M)
current process WorkingSet (physical memory assigned to process): 10M, peak: 10M
current process commit charge ("private bytes"): 59M, peak: 123M

vm_info: OpenJDK 64-Bit Server VM (11.0.16.1+1-LTS) for windows-amd64 JRE (11.0.16.1+1-LTS), built on Aug 20 2022 20:09:04 by "" with MS VC++ 15.9 (VS2017)

END.
